INFO:     Will watch for changes in these directories: ['/home/ahmed-elkordy/researchs/applyrush.ai/jobhire-ai-backend']
INFO:     Uvicorn running on http://0.0.0.0:8000 (Press CTRL+C to quit)
INFO:     Started reloader process [218005] using StatReload
Process SpawnProcess-1:
Traceback (most recent call last):
  File "/home/ahmed-elkordy/researchs/applyrush.ai/jobhire-ai-backend/venv/lib/python3.12/site-packages/pydantic/networks.py", line 949, in import_email_validator
    import email_validator
ModuleNotFoundError: No module named 'email_validator'

The above exception was the direct cause of the following exception:

Traceback (most recent call last):
  File "/home/ahmed-elkordy/anaconda3/lib/python3.12/multiprocessing/process.py", line 314, in _bootstrap
    self.run()
  File "/home/ahmed-elkordy/anaconda3/lib/python3.12/multiprocessing/process.py", line 108, in run
    self._target(*self._args, **self._kwargs)
  File "/home/ahmed-elkordy/researchs/applyrush.ai/jobhire-ai-backend/venv/lib/python3.12/site-packages/uvicorn/_subprocess.py", line 80, in subprocess_started
    target(sockets=sockets)
  File "/home/ahmed-elkordy/researchs/applyrush.ai/jobhire-ai-backend/venv/lib/python3.12/site-packages/uvicorn/server.py", line 67, in run
    return asyncio_run(self.serve(sockets=sockets), loop_factory=self.config.get_loop_factory())
           ^^^^^^^^^^^^^^^^^^^^^^^^^^^^^^^^^^^^^^^^^^^^^^^^^^^^^^^^^^^^^^^^^^^^^^^^^^^^^^^^^^^^^
  File "/home/ahmed-elkordy/anaconda3/lib/python3.12/asyncio/runners.py", line 194, in run
    return runner.run(main)
           ^^^^^^^^^^^^^^^^
  File "/home/ahmed-elkordy/anaconda3/lib/python3.12/asyncio/runners.py", line 118, in run
    return self._loop.run_until_complete(task)
           ^^^^^^^^^^^^^^^^^^^^^^^^^^^^^^^^^^^
  File "/home/ahmed-elkordy/anaconda3/lib/python3.12/asyncio/base_events.py", line 687, in run_until_complete
    return future.result()
           ^^^^^^^^^^^^^^^
  File "/home/ahmed-elkordy/researchs/applyrush.ai/jobhire-ai-backend/venv/lib/python3.12/site-packages/uvicorn/server.py", line 71, in serve
    await self._serve(sockets)
  File "/home/ahmed-elkordy/researchs/applyrush.ai/jobhire-ai-backend/venv/lib/python3.12/site-packages/uvicorn/server.py", line 78, in _serve
    config.load()
  File "/home/ahmed-elkordy/researchs/applyrush.ai/jobhire-ai-backend/venv/lib/python3.12/site-packages/uvicorn/config.py", line 438, in load
    self.loaded_app = import_from_string(self.app)
                      ^^^^^^^^^^^^^^^^^^^^^^^^^^^^
  File "/home/ahmed-elkordy/researchs/applyrush.ai/jobhire-ai-backend/venv/lib/python3.12/site-packages/uvicorn/importer.py", line 19, in import_from_string
    module = importlib.import_module(module_str)
             ^^^^^^^^^^^^^^^^^^^^^^^^^^^^^^^^^^^
  File "/home/ahmed-elkordy/anaconda3/lib/python3.12/importlib/__init__.py", line 90, in import_module
    return _bootstrap._gcd_import(name[level:], package, level)
           ^^^^^^^^^^^^^^^^^^^^^^^^^^^^^^^^^^^^^^^^^^^^^^^^^^^^
  File "<frozen importlib._bootstrap>", line 1387, in _gcd_import
  File "<frozen importlib._bootstrap>", line 1360, in _find_and_load
  File "<frozen importlib._bootstrap>", line 1331, in _find_and_load_unlocked
  File "<frozen importlib._bootstrap>", line 935, in _load_unlocked
  File "<frozen importlib._bootstrap_external>", line 995, in exec_module
  File "<frozen importlib._bootstrap>", line 488, in _call_with_frames_removed
  File "/home/ahmed-elkordy/researchs/applyrush.ai/jobhire-ai-backend/app/main_new.py", line 201, in <module>
    from app.api.v1.router import api_router
  File "/home/ahmed-elkordy/researchs/applyrush.ai/jobhire-ai-backend/app/api/v1/router.py", line 9, in <module>
    from app.api.v1.endpoints import (
  File "/home/ahmed-elkordy/researchs/applyrush.ai/jobhire-ai-backend/app/api/v1/endpoints/auth.py", line 24, in <module>
    class SignupRequest(BaseModel):
  File "/home/ahmed-elkordy/researchs/applyrush.ai/jobhire-ai-backend/venv/lib/python3.12/site-packages/pydantic/_internal/_model_construction.py", line 255, in __new__
    complete_model_class(
  File "/home/ahmed-elkordy/researchs/applyrush.ai/jobhire-ai-backend/venv/lib/python3.12/site-packages/pydantic/_internal/_model_construction.py", line 648, in complete_model_class
    schema = gen_schema.generate_schema(cls)
             ^^^^^^^^^^^^^^^^^^^^^^^^^^^^^^^
  File "/home/ahmed-elkordy/researchs/applyrush.ai/jobhire-ai-backend/venv/lib/python3.12/site-packages/pydantic/_internal/_generate_schema.py", line 729, in generate_schema
    schema = self._generate_schema_inner(obj)
             ^^^^^^^^^^^^^^^^^^^^^^^^^^^^^^^^
  File "/home/ahmed-elkordy/researchs/applyrush.ai/jobhire-ai-backend/venv/lib/python3.12/site-packages/pydantic/_internal/_generate_schema.py", line 1023, in _generate_schema_inner
    return self._model_schema(obj)
           ^^^^^^^^^^^^^^^^^^^^^^^
  File "/home/ahmed-elkordy/researchs/applyrush.ai/jobhire-ai-backend/venv/lib/python3.12/site-packages/pydantic/_internal/_generate_schema.py", line 856, in _model_schema
    {k: self._generate_md_field_schema(k, v, decorators) for k, v in fields.items()},
        ^^^^^^^^^^^^^^^^^^^^^^^^^^^^^^^^^^^^^^^^^^^^^^^^
  File "/home/ahmed-elkordy/researchs/applyrush.ai/jobhire-ai-backend/venv/lib/python3.12/site-packages/pydantic/_internal/_generate_schema.py", line 1228, in _generate_md_field_schema
    schema, metadata = self._common_field_schema(name, field_info, decorators)
                       ^^^^^^^^^^^^^^^^^^^^^^^^^^^^^^^^^^^^^^^^^^^^^^^^^^^^^^^
  File "/home/ahmed-elkordy/researchs/applyrush.ai/jobhire-ai-backend/venv/lib/python3.12/site-packages/pydantic/_internal/_generate_schema.py", line 1282, in _common_field_schema
    schema = self._apply_annotations(
             ^^^^^^^^^^^^^^^^^^^^^^^^
  File "/home/ahmed-elkordy/researchs/applyrush.ai/jobhire-ai-backend/venv/lib/python3.12/site-packages/pydantic/_internal/_generate_schema.py", line 2227, in _apply_annotations
    schema = get_inner_schema(source_type)
             ^^^^^^^^^^^^^^^^^^^^^^^^^^^^^
  File "/home/ahmed-elkordy/researchs/applyrush.ai/jobhire-ai-backend/venv/lib/python3.12/site-packages/pydantic/_internal/_schema_generation_shared.py", line 83, in __call__
    schema = self._handler(source_type)
             ^^^^^^^^^^^^^^^^^^^^^^^^^^
  File "/home/ahmed-elkordy/researchs/applyrush.ai/jobhire-ai-backend/venv/lib/python3.12/site-packages/pydantic/_internal/_generate_schema.py", line 2203, in inner_handler
    schema = self._generate_schema_from_get_schema_method(obj, source_type)
             ^^^^^^^^^^^^^^^^^^^^^^^^^^^^^^^^^^^^^^^^^^^^^^^^^^^^^^^^^^^^^^
  File "/home/ahmed-elkordy/researchs/applyrush.ai/jobhire-ai-backend/venv/lib/python3.12/site-packages/pydantic/_internal/_generate_schema.py", line 919, in _generate_schema_from_get_schema_method
    schema = get_schema(
             ^^^^^^^^^^^
  File "/home/ahmed-elkordy/researchs/applyrush.ai/jobhire-ai-backend/venv/lib/python3.12/site-packages/pydantic/networks.py", line 989, in __get_pydantic_core_schema__
    import_email_validator()
  File "/home/ahmed-elkordy/researchs/applyrush.ai/jobhire-ai-backend/venv/lib/python3.12/site-packages/pydantic/networks.py", line 951, in import_email_validator
    raise ImportError("email-validator is not installed, run `pip install 'pydantic[email]'`") from e
ImportError: email-validator is not installed, run `pip install 'pydantic[email]'`
